<?xml version="1.0" encoding="UTF-8"?>
<!-- Generated by org.testng.reporters.JUnitXMLReporter -->
<testsuite ignored="1" hostname="Asus" failures="0" tests="1" name="Default test" time="28.444" errors="0" timestamp="2023-01-16T13:04:33 IST">
  <testcase classname="com.teststeps.Browse" name="toVerifyIfCorrectPriceBikesAreShown" time="17.108"/>
  <testcase classname="com.teststeps.Browse" name="toVerifyIfCorrectBrandBikesAreDisplayed" time="0.0">
    <ignored/>
  </testcase> <!-- toVerifyIfCorrectBrandBikesAreDisplayed -->
</testsuite> <!-- Default test -->
