<?xml version="1.0" encoding="UTF-8"?>
<!-- Generated by org.testng.reporters.JUnitXMLReporter -->
<testsuite ignored="1" hostname="SandeshPC" failures="0" tests="1" name="Default test" time="2.908" errors="0" timestamp="2023-01-14T13:54:56 IST">
  <testcase classname="com.teststeps.Browse" name="toVerifyIfCorrectPriceBikesAreShown" time="0.563"/>
  <testcase classname="com.teststeps.Browse" name="toVerifyIfCorrectBrandBikesAreDisplayed" time="0.0">
    <ignored/>
  </testcase> <!-- toVerifyIfCorrectBrandBikesAreDisplayed -->
</testsuite> <!-- Default test -->
