<?xml version="1.0" encoding="UTF-8"?>
<testng-results ignored="1" total="2" passed="1" failed="0" skipped="0">
  <reporter-output>
  </reporter-output>
  <suite started-at="2023-01-14T21:36:46 IST" name="Default suite" finished-at="2023-01-14T21:37:05 IST" duration-ms="18632">
    <groups>
    </groups>
    <test started-at="2023-01-14T21:36:46 IST" name="Default test" finished-at="2023-01-14T21:37:05 IST" duration-ms="18632">
      <class name="com.teststeps.Browse">
        <test-method is-config="true" signature="launchBrowser()[pri:0, instance:com.teststeps.Browse@16ec5519]" started-at="2023-01-14T21:36:46 IST" name="launchBrowser" finished-at="2023-01-14T21:36:50 IST" duration-ms="3895" status="PASS">
          <reporter-output>
          </reporter-output>
        </test-method> <!-- launchBrowser -->
        <test-method signature="toVerifyIfCorrectPriceBikesAreShown()[pri:0, instance:com.teststeps.Browse@16ec5519]" started-at="2023-01-14T21:36:50 IST" name="toVerifyIfCorrectPriceBikesAreShown" description="TC_BF_003" finished-at="2023-01-14T21:37:05 IST" duration-ms="14708" status="PASS">
          <reporter-output>
          </reporter-output>
        </test-method> <!-- toVerifyIfCorrectPriceBikesAreShown -->
        <test-method is-config="true" signature="closeBrowser()[pri:0, instance:com.teststeps.Browse@16ec5519]" started-at="2023-01-14T21:37:05 IST" name="closeBrowser" finished-at="2023-01-14T21:37:05 IST" duration-ms="0" status="PASS">
          <reporter-output>
          </reporter-output>
        </test-method> <!-- closeBrowser -->
      </class> <!-- com.teststeps.Browse -->
    </test> <!-- Default test -->
  </suite> <!-- Default suite -->
</testng-results>
