<?xml version="1.0" encoding="UTF-8"?>
<testng-results ignored="0" total="1" passed="1" failed="0" skipped="0">
  <reporter-output>
  </reporter-output>
  <suite started-at="2023-01-14T12:18:13 IST" name="Default suite" finished-at="2023-01-14T12:18:24 IST" duration-ms="10287">
    <groups>
    </groups>
    <test started-at="2023-01-14T12:18:13 IST" name="Default test" finished-at="2023-01-14T12:18:24 IST" duration-ms="10287">
      <class name="com.teststeps.Browse">
        <test-method is-config="true" signature="launchBrowser()[pri:0, instance:com.teststeps.Browse@3232a28a]" started-at="2023-01-14T12:18:13 IST" name="launchBrowser" finished-at="2023-01-14T12:18:20 IST" duration-ms="6653" status="PASS">
          <reporter-output>
          </reporter-output>
        </test-method> <!-- launchBrowser -->
        <test-method signature="toVerifyIfCorrectBrandBikesAreDisplayed()[pri:0, instance:com.teststeps.Browse@3232a28a]" started-at="2023-01-14T12:18:20 IST" name="toVerifyIfCorrectBrandBikesAreDisplayed" description="TC_BF_001" finished-at="2023-01-14T12:18:23 IST" duration-ms="3246" status="PASS">
          <reporter-output>
          </reporter-output>
        </test-method> <!-- toVerifyIfCorrectBrandBikesAreDisplayed -->
        <test-method is-config="true" signature="closeBrowser()[pri:0, instance:com.teststeps.Browse@3232a28a]" started-at="2023-01-14T12:18:23 IST" name="closeBrowser" finished-at="2023-01-14T12:18:24 IST" duration-ms="339" status="PASS">
          <reporter-output>
          </reporter-output>
        </test-method> <!-- closeBrowser -->
      </class> <!-- com.teststeps.Browse -->
    </test> <!-- Default test -->
  </suite> <!-- Default suite -->
</testng-results>
